0 info it worked if it ends with ok
1 verbose cli [ '/usr/local/var/nvm/versions/node/v6.4.0/bin/node',
1 verbose cli   '/usr/local/var/nvm/versions/node/v6.4.0/bin/npm',
1 verbose cli   'start' ]
2 info using npm@3.10.3
3 info using node@v6.4.0
4 verbose run-script [ 'prestart', 'start', 'poststart' ]
5 info lifecycle adhawk-theme@1.0.0~prestart: adhawk-theme@1.0.0
6 silly lifecycle adhawk-theme@1.0.0~prestart: no script for prestart, continuing
7 info lifecycle adhawk-theme@1.0.0~start: adhawk-theme@1.0.0
8 verbose lifecycle adhawk-theme@1.0.0~start: unsafe-perm in lifecycle true
9 verbose lifecycle adhawk-theme@1.0.0~start: PATH: /usr/local/var/nvm/versions/node/v6.4.0/lib/node_modules/npm/bin/node-gyp-bin:/Users/ureyes/adhawk-theme/node_modules/.bin:/usr/local/var/nvm/versions/node/v6.4.0/bin:/usr/local/var/nvm/versions/node/v6.4.0/bin:/Users/ureyes/.rvm/gems/ruby-2.1.2@rails4/bin:/Users/ureyes/.rvm/gems/ruby-2.1.2@global/bin:/Users/ureyes/.rvm/rubies/ruby-2.1.2/bin:/usr/local/bin:/usr/local/bin:/usr/bin:/bin:/usr/sbin:/sbin:/opt/X11/bin:/Users/ureyes/.rvm/bin:/usr/local/var/nvm/versions/node/v6.4.0/bin
10 verbose lifecycle adhawk-theme@1.0.0~start: CWD: /Users/ureyes/adhawk-theme
11 silly lifecycle adhawk-theme@1.0.0~start: Args: [ '-c', 'gulp' ]
12 silly lifecycle adhawk-theme@1.0.0~start: Returned: code: 1  signal: null
13 info lifecycle adhawk-theme@1.0.0~start: Failed to exec start script
14 verbose stack Error: adhawk-theme@1.0.0 start: `gulp`
14 verbose stack Exit status 1
14 verbose stack     at EventEmitter.<anonymous> (/usr/local/var/nvm/versions/node/v6.4.0/lib/node_modules/npm/lib/utils/lifecycle.js:242:16)
14 verbose stack     at emitTwo (events.js:106:13)
14 verbose stack     at EventEmitter.emit (events.js:191:7)
14 verbose stack     at ChildProcess.<anonymous> (/usr/local/var/nvm/versions/node/v6.4.0/lib/node_modules/npm/lib/utils/spawn.js:40:14)
14 verbose stack     at emitTwo (events.js:106:13)
14 verbose stack     at ChildProcess.emit (events.js:191:7)
14 verbose stack     at maybeClose (internal/child_process.js:852:16)
14 verbose stack     at Process.ChildProcess._handle.onexit (internal/child_process.js:215:5)
15 verbose pkgid adhawk-theme@1.0.0
16 verbose cwd /Users/ureyes/adhawk-theme
17 error Darwin 15.6.0
18 error argv "/usr/local/var/nvm/versions/node/v6.4.0/bin/node" "/usr/local/var/nvm/versions/node/v6.4.0/bin/npm" "start"
19 error node v6.4.0
20 error npm  v3.10.3
21 error code ELIFECYCLE
22 error adhawk-theme@1.0.0 start: `gulp`
22 error Exit status 1
23 error Failed at the adhawk-theme@1.0.0 start script 'gulp'.
23 error Make sure you have the latest version of node.js and npm installed.
23 error If you do, this is most likely a problem with the adhawk-theme package,
23 error not with npm itself.
23 error Tell the author that this fails on your system:
23 error     gulp
23 error You can get information on how to open an issue for this project with:
23 error     npm bugs adhawk-theme
23 error Or if that isn't available, you can get their info via:
23 error     npm owner ls adhawk-theme
23 error There is likely additional logging output above.
24 verbose exit [ 1, true ]
